<?xml version="1.0" encoding="UTF-8"?>
<!-- Generated by org.testng.reporters.JUnitXMLReporter -->
<testsuite hostname="LAPTOP-UMPDDTUU" failures="0" tests="5" name="Test" time="115.849" errors="0" timestamp="13 Feb 2019 08:41:49 GMT">
  <testcase classname="com.xe.currencyconversion.TestClass" name="f" time="5.36"/>
  <testcase classname="com.xe.currencyconversion.TestClass" name="f" time="4.751"/>
  <testcase classname="com.xe.currencyconversion.TestClass" name="f" time="4.616"/>
  <testcase classname="com.xe.currencyconversion.TestClass" name="f" time="5.011"/>
  <testcase classname="com.xe.currencyconversion.TestClass" name="f" time="4.675"/>
</testsuite> <!-- Test -->
