<?xml version="1.0" encoding="UTF-8"?>
<!-- Generated by org.testng.reporters.JUnitXMLReporter -->
<testsuite hostname="LAPTOP-UMPDDTUU" failures="0" tests="5" name="Test" time="182.028" errors="0" timestamp="22 Feb 2019 09:25:35 GMT">
  <testcase classname="com.xe.currencyconversion.TestClass" name="f" time="6.001"/>
  <testcase classname="com.xe.currencyconversion.TestClass" name="f" time="5.961"/>
  <testcase classname="com.xe.currencyconversion.TestClass" name="f" time="5.367"/>
  <testcase classname="com.xe.currencyconversion.TestClass" name="f" time="6.74"/>
  <testcase classname="com.xe.currencyconversion.TestClass" name="f" time="5.017"/>
</testsuite> <!-- Test -->
