<?xml version="1.0" encoding="UTF-8"?>
<testng-results total="5" passed="5" failed="0" skipped="0">
  <reporter-output>
  </reporter-output>
  <suite started-at="2019-02-22T09:22:33Z" name="Suite" finished-at="2019-02-22T09:25:35Z" duration-ms="182028">
    <groups>
    </groups>
    <test started-at="2019-02-22T09:22:33Z" name="Test" finished-at="2019-02-22T09:25:35Z" duration-ms="182028">
      <class name="com.xe.currencyconversion.TestClass">
        <test-method is-config="true" signature="setup()[pri:0, instance:com.xe.currencyconversion.TestClass@d257579]" started-at="2019-02-22T09:22:33Z" name="setup" finished-at="2019-02-22T09:23:22Z" duration-ms="48716" status="PASS">
          <reporter-output>
          </reporter-output>
        </test-method> <!-- setup -->
        <test-method signature="f(double)[pri:0, instance:com.xe.currencyconversion.TestClass@d257579]" started-at="2019-02-22T09:23:22Z" name="f" data-provider="data" finished-at="2019-02-22T09:23:28Z" duration-ms="6001" status="PASS">
          <params>
            <param index="0">
              <value>
                <![CDATA[125.24]]>
              </value>
            </param>
          </params>
          <reporter-output>
          </reporter-output>
        </test-method> <!-- f -->
        <test-method is-config="true" signature="tearDown()[pri:0, instance:com.xe.currencyconversion.TestClass@d257579]" started-at="2019-02-22T09:23:28Z" name="tearDown" finished-at="2019-02-22T09:23:28Z" duration-ms="758" status="PASS">
          <reporter-output>
          </reporter-output>
        </test-method> <!-- tearDown -->
        <test-method is-config="true" signature="setup()[pri:0, instance:com.xe.currencyconversion.TestClass@d257579]" started-at="2019-02-22T09:23:28Z" name="setup" finished-at="2019-02-22T09:23:50Z" duration-ms="21262" status="PASS">
          <reporter-output>
          </reporter-output>
        </test-method> <!-- setup -->
        <test-method signature="f(double)[pri:0, instance:com.xe.currencyconversion.TestClass@d257579]" started-at="2019-02-22T09:23:50Z" name="f" data-provider="data" finished-at="2019-02-22T09:23:56Z" duration-ms="5961" status="PASS">
          <params>
            <param index="0">
              <value>
                <![CDATA[132.32]]>
              </value>
            </param>
          </params>
          <reporter-output>
          </reporter-output>
        </test-method> <!-- f -->
        <test-method is-config="true" signature="tearDown()[pri:0, instance:com.xe.currencyconversion.TestClass@d257579]" started-at="2019-02-22T09:23:56Z" name="tearDown" finished-at="2019-02-22T09:23:56Z" duration-ms="784" status="PASS">
          <reporter-output>
          </reporter-output>
        </test-method> <!-- tearDown -->
        <test-method is-config="true" signature="setup()[pri:0, instance:com.xe.currencyconversion.TestClass@d257579]" started-at="2019-02-22T09:23:56Z" name="setup" finished-at="2019-02-22T09:24:35Z" duration-ms="38697" status="PASS">
          <reporter-output>
          </reporter-output>
        </test-method> <!-- setup -->
        <test-method signature="f(double)[pri:0, instance:com.xe.currencyconversion.TestClass@d257579]" started-at="2019-02-22T09:24:35Z" name="f" data-provider="data" finished-at="2019-02-22T09:24:41Z" duration-ms="5367" status="PASS">
          <params>
            <param index="0">
              <value>
                <![CDATA[185.25]]>
              </value>
            </param>
          </params>
          <reporter-output>
          </reporter-output>
        </test-method> <!-- f -->
        <test-method is-config="true" signature="tearDown()[pri:0, instance:com.xe.currencyconversion.TestClass@d257579]" started-at="2019-02-22T09:24:41Z" name="tearDown" finished-at="2019-02-22T09:24:41Z" duration-ms="735" status="PASS">
          <reporter-output>
          </reporter-output>
        </test-method> <!-- tearDown -->
        <test-method is-config="true" signature="setup()[pri:0, instance:com.xe.currencyconversion.TestClass@d257579]" started-at="2019-02-22T09:24:41Z" name="setup" finished-at="2019-02-22T09:25:00Z" duration-ms="18859" status="PASS">
          <reporter-output>
          </reporter-output>
        </test-method> <!-- setup -->
        <test-method signature="f(double)[pri:0, instance:com.xe.currencyconversion.TestClass@d257579]" started-at="2019-02-22T09:25:00Z" name="f" data-provider="data" finished-at="2019-02-22T09:25:07Z" duration-ms="6740" status="PASS">
          <params>
            <param index="0">
              <value>
                <![CDATA[223.67]]>
              </value>
            </param>
          </params>
          <reporter-output>
          </reporter-output>
        </test-method> <!-- f -->
        <test-method is-config="true" signature="tearDown()[pri:0, instance:com.xe.currencyconversion.TestClass@d257579]" started-at="2019-02-22T09:25:07Z" name="tearDown" finished-at="2019-02-22T09:25:08Z" duration-ms="785" status="PASS">
          <reporter-output>
          </reporter-output>
        </test-method> <!-- tearDown -->
        <test-method is-config="true" signature="setup()[pri:0, instance:com.xe.currencyconversion.TestClass@d257579]" started-at="2019-02-22T09:25:08Z" name="setup" finished-at="2019-02-22T09:25:29Z" duration-ms="21580" status="PASS">
          <reporter-output>
          </reporter-output>
        </test-method> <!-- setup -->
        <test-method signature="f(double)[pri:0, instance:com.xe.currencyconversion.TestClass@d257579]" started-at="2019-02-22T09:25:29Z" name="f" data-provider="data" finished-at="2019-02-22T09:25:34Z" duration-ms="5017" status="PASS">
          <params>
            <param index="0">
              <value>
                <![CDATA[345.21]]>
              </value>
            </param>
          </params>
          <reporter-output>
          </reporter-output>
        </test-method> <!-- f -->
        <test-method is-config="true" signature="tearDown()[pri:0, instance:com.xe.currencyconversion.TestClass@d257579]" started-at="2019-02-22T09:25:34Z" name="tearDown" finished-at="2019-02-22T09:25:35Z" duration-ms="728" status="PASS">
          <reporter-output>
          </reporter-output>
        </test-method> <!-- tearDown -->
      </class> <!-- com.xe.currencyconversion.TestClass -->
    </test> <!-- Test -->
  </suite> <!-- Suite -->
</testng-results>
