<?xml version="1.0" encoding="UTF-8"?>
<testsuite name="TestSuite" time="6.001" tests="5" errors="0" skipped="0" failures="0">
  <properties>
[...]
</properties>
  <testcase name="f" classname="com.xe.currencyconversion.TestClass" time="6.001"/>
  <testcase name="f" classname="com.xe.currencyconversion.TestClass" time="5.962"/>
  <testcase name="f" classname="com.xe.currencyconversion.TestClass" time="5.366"/>
  <testcase name="f" classname="com.xe.currencyconversion.TestClass" time="6.741"/>
  <testcase name="f" classname="com.xe.currencyconversion.TestClass" time="5.017"/>
</testsuite>