<?xml version="1.0" encoding="UTF-8"?>
<testng-results total="5" passed="5" failed="0" skipped="0">
  <reporter-output>
  </reporter-output>
  <suite started-at="2019-02-13T08:39:54Z" name="Suite" finished-at="2019-02-13T08:41:49Z" duration-ms="115849">
    <groups>
    </groups>
    <test started-at="2019-02-13T08:39:54Z" name="Test" finished-at="2019-02-13T08:41:49Z" duration-ms="115849">
      <class name="com.xe.currencyconversion.TestClass">
        <test-method is-config="true" signature="setup(java.lang.String)[pri:0, instance:com.xe.currencyconversion.TestClass@3ce1e309]" started-at="2019-02-13T08:39:54Z" name="setup" finished-at="2019-02-13T08:40:13Z" duration-ms="19063" status="PASS">
          <params>
            <param index="0">
              <value>
                <![CDATA[firefox]]>
              </value>
            </param>
          </params>
          <reporter-output>
          </reporter-output>
        </test-method> <!-- setup -->
        <test-method signature="f(double)[pri:0, instance:com.xe.currencyconversion.TestClass@3ce1e309]" started-at="2019-02-13T08:40:13Z" name="f" data-provider="data" finished-at="2019-02-13T08:40:18Z" duration-ms="5360" status="PASS">
          <params>
            <param index="0">
              <value>
                <![CDATA[125.24]]>
              </value>
            </param>
          </params>
          <reporter-output>
          </reporter-output>
        </test-method> <!-- f -->
        <test-method is-config="true" signature="tearDown()[pri:0, instance:com.xe.currencyconversion.TestClass@3ce1e309]" started-at="2019-02-13T08:40:18Z" name="tearDown" finished-at="2019-02-13T08:40:27Z" duration-ms="9142" status="PASS">
          <reporter-output>
          </reporter-output>
        </test-method> <!-- tearDown -->
        <test-method is-config="true" signature="setup(java.lang.String)[pri:0, instance:com.xe.currencyconversion.TestClass@3ce1e309]" started-at="2019-02-13T08:40:27Z" name="setup" finished-at="2019-02-13T08:40:43Z" duration-ms="15755" status="PASS">
          <params>
            <param index="0">
              <value>
                <![CDATA[firefox]]>
              </value>
            </param>
          </params>
          <reporter-output>
          </reporter-output>
        </test-method> <!-- setup -->
        <test-method signature="f(double)[pri:0, instance:com.xe.currencyconversion.TestClass@3ce1e309]" started-at="2019-02-13T08:40:43Z" name="f" data-provider="data" finished-at="2019-02-13T08:40:48Z" duration-ms="4751" status="PASS">
          <params>
            <param index="0">
              <value>
                <![CDATA[132.32]]>
              </value>
            </param>
          </params>
          <reporter-output>
          </reporter-output>
        </test-method> <!-- f -->
        <test-method is-config="true" signature="tearDown()[pri:0, instance:com.xe.currencyconversion.TestClass@3ce1e309]" started-at="2019-02-13T08:40:48Z" name="tearDown" finished-at="2019-02-13T08:40:49Z" duration-ms="956" status="PASS">
          <reporter-output>
          </reporter-output>
        </test-method> <!-- tearDown -->
        <test-method is-config="true" signature="setup(java.lang.String)[pri:0, instance:com.xe.currencyconversion.TestClass@3ce1e309]" started-at="2019-02-13T08:40:49Z" name="setup" finished-at="2019-02-13T08:41:03Z" duration-ms="14626" status="PASS">
          <params>
            <param index="0">
              <value>
                <![CDATA[firefox]]>
              </value>
            </param>
          </params>
          <reporter-output>
          </reporter-output>
        </test-method> <!-- setup -->
        <test-method signature="f(double)[pri:0, instance:com.xe.currencyconversion.TestClass@3ce1e309]" started-at="2019-02-13T08:41:03Z" name="f" data-provider="data" finished-at="2019-02-13T08:41:08Z" duration-ms="4616" status="PASS">
          <params>
            <param index="0">
              <value>
                <![CDATA[185.25]]>
              </value>
            </param>
          </params>
          <reporter-output>
          </reporter-output>
        </test-method> <!-- f -->
        <test-method is-config="true" signature="tearDown()[pri:0, instance:com.xe.currencyconversion.TestClass@3ce1e309]" started-at="2019-02-13T08:41:08Z" name="tearDown" finished-at="2019-02-13T08:41:09Z" duration-ms="968" status="PASS">
          <reporter-output>
          </reporter-output>
        </test-method> <!-- tearDown -->
        <test-method is-config="true" signature="setup(java.lang.String)[pri:0, instance:com.xe.currencyconversion.TestClass@3ce1e309]" started-at="2019-02-13T08:41:09Z" name="setup" finished-at="2019-02-13T08:41:23Z" duration-ms="14350" status="PASS">
          <params>
            <param index="0">
              <value>
                <![CDATA[firefox]]>
              </value>
            </param>
          </params>
          <reporter-output>
          </reporter-output>
        </test-method> <!-- setup -->
        <test-method signature="f(double)[pri:0, instance:com.xe.currencyconversion.TestClass@3ce1e309]" started-at="2019-02-13T08:41:23Z" name="f" data-provider="data" finished-at="2019-02-13T08:41:28Z" duration-ms="5011" status="PASS">
          <params>
            <param index="0">
              <value>
                <![CDATA[223.67]]>
              </value>
            </param>
          </params>
          <reporter-output>
          </reporter-output>
        </test-method> <!-- f -->
        <test-method is-config="true" signature="tearDown()[pri:0, instance:com.xe.currencyconversion.TestClass@3ce1e309]" started-at="2019-02-13T08:41:28Z" name="tearDown" finished-at="2019-02-13T08:41:29Z" duration-ms="1018" status="PASS">
          <reporter-output>
          </reporter-output>
        </test-method> <!-- tearDown -->
        <test-method is-config="true" signature="setup(java.lang.String)[pri:0, instance:com.xe.currencyconversion.TestClass@3ce1e309]" started-at="2019-02-13T08:41:29Z" name="setup" finished-at="2019-02-13T08:41:44Z" duration-ms="14521" status="PASS">
          <params>
            <param index="0">
              <value>
                <![CDATA[firefox]]>
              </value>
            </param>
          </params>
          <reporter-output>
          </reporter-output>
        </test-method> <!-- setup -->
        <test-method signature="f(double)[pri:0, instance:com.xe.currencyconversion.TestClass@3ce1e309]" started-at="2019-02-13T08:41:44Z" name="f" data-provider="data" finished-at="2019-02-13T08:41:48Z" duration-ms="4675" status="PASS">
          <params>
            <param index="0">
              <value>
                <![CDATA[345.21]]>
              </value>
            </param>
          </params>
          <reporter-output>
          </reporter-output>
        </test-method> <!-- f -->
        <test-method is-config="true" signature="tearDown()[pri:0, instance:com.xe.currencyconversion.TestClass@3ce1e309]" started-at="2019-02-13T08:41:48Z" name="tearDown" finished-at="2019-02-13T08:41:49Z" duration-ms="1023" status="PASS">
          <reporter-output>
          </reporter-output>
        </test-method> <!-- tearDown -->
      </class> <!-- com.xe.currencyconversion.TestClass -->
    </test> <!-- Test -->
  </suite> <!-- Suite -->
</testng-results>
